<?xml version="1.0" encoding="UTF-8"?>
<!-- Generated by org.testng.reporters.JUnitReportReporter -->
<testsuite hostname="DESKTOP-8M2AHUJ" failures="0" tests="2" name="Academy.validateCheckallcheckbox_Complex" time="4.753" errors="0" timestamp="2022-03-29T14:25:10 IST" skipped="0">
  <testcase classname="Academy.validateCheckallcheckbox_Complex" name="validatecheckbox" time="0.139"/>
  <system-out/>
  <testcase classname="Academy.validateCheckallcheckbox_Complex" name="basePagNavigation" time="4.614"/>
  <system-out/>
</testsuite> <!-- Academy.validateCheckallcheckbox_Complex -->
