<?xml version="1.0" encoding="UTF-8"?>
<!-- Generated by org.testng.reporters.JUnitReportReporter -->
<testsuite hostname="DESKTOP-8M2AHUJ" failures="0" tests="2" name="Academy.validateFeatures_Complex" time="3.922" errors="0" timestamp="2022-03-29T14:25:10 IST" skipped="0">
  <testcase classname="Academy.validateFeatures_Complex" name="basePagNavigation" time="3.801"/>
  <system-out/>
  <testcase classname="Academy.validateFeatures_Complex" name="validatefeatures" time="0.121"/>
  <system-out/>
</testsuite> <!-- Academy.validateFeatures_Complex -->
