<?xml version="1.0" encoding="UTF-8"?>
<!-- Generated by org.testng.reporters.JUnitReportReporter -->
<testsuite hostname="DESKTOP-8M2AHUJ" failures="0" tests="2" name="TestScripts.validateHeaders_Tree" time="4.382" errors="0" timestamp="2022-03-29T15:05:09 IST" skipped="0">
  <testcase classname="TestScripts.validateHeaders_Tree" name="validateheaders" time="0.108"/>
  <system-out/>
  <testcase classname="TestScripts.validateHeaders_Tree" name="basePagNavigation" time="4.274"/>
  <system-out/>
</testsuite> <!-- TestScripts.validateHeaders_Tree -->
