<?xml version="1.0" encoding="UTF-8"?>
<!-- Generated by org.testng.reporters.JUnitReportReporter -->
<testsuite hostname="DESKTOP-8M2AHUJ" failures="0" tests="1" name="Academy.HomePage" time="6.467" errors="0" timestamp="2022-03-29T14:25:10 IST" skipped="0">
  <testcase classname="Academy.HomePage" name="basePageNavigation" time="6.467"/>
  <system-out/>
</testsuite> <!-- Academy.HomePage -->
