<?xml version="1.0" encoding="UTF-8"?>
<!-- Generated by org.testng.reporters.JUnitReportReporter -->
<testsuite hostname="DESKTOP-8M2AHUJ" failures="0" tests="1" name="TestScripts.HomePage" time="6.642" errors="0" timestamp="2022-03-29T15:05:09 IST" skipped="0">
  <testcase classname="TestScripts.HomePage" name="basePageNavigation" time="6.642"/>
  <system-out/>
</testsuite> <!-- TestScripts.HomePage -->
