<?xml version="1.0" encoding="UTF-8"?>
<!-- Generated by org.testng.reporters.JUnitReportReporter -->
<testsuite hostname="DESKTOP-8M2AHUJ" failures="0" tests="2" name="TestScripts.validateFeatures_Complex" time="3.794" errors="0" timestamp="2022-03-29T15:05:09 IST" skipped="0">
  <testcase classname="TestScripts.validateFeatures_Complex" name="basePagNavigation" time="3.658"/>
  <system-out/>
  <testcase classname="TestScripts.validateFeatures_Complex" name="validatefeatures" time="0.136"/>
  <system-out/>
</testsuite> <!-- TestScripts.validateFeatures_Complex -->
