<?xml version="1.0" encoding="UTF-8"?>
<!-- Generated by org.testng.reporters.JUnitReportReporter -->
<testsuite hostname="DESKTOP-8M2AHUJ" failures="0" tests="2" name="Academy.validateDragandDrop_Tree" time="464.357" errors="0" timestamp="2022-03-29T14:10:54 IST" skipped="0">
  <testcase classname="Academy.validateDragandDrop_Tree" name="basePagNavigation" time="3.383"/>
  <system-out/>
  <testcase classname="Academy.validateDragandDrop_Tree" name="dragandDrop" time="460.974"/>
  <system-out/>
</testsuite> <!-- Academy.validateDragandDrop_Tree -->
