<?xml version="1.0" encoding="UTF-8"?>
<!-- Generated by org.testng.reporters.JUnitReportReporter -->
<testsuite hostname="DESKTOP-8M2AHUJ" failures="0" tests="2" name="Academy.validateFeatures_Tree" time="3.941" errors="0" timestamp="2022-03-29T14:25:10 IST" skipped="0">
  <testcase classname="Academy.validateFeatures_Tree" name="validateFeatures" time="0.047"/>
  <system-out/>
  <testcase classname="Academy.validateFeatures_Tree" name="basePagNavigation" time="3.894"/>
  <system-out/>
</testsuite> <!-- Academy.validateFeatures_Tree -->
