<?xml version="1.0" encoding="UTF-8"?>
<!-- Generated by org.testng.reporters.JUnitReportReporter -->
<testsuite hostname="DESKTOP-8M2AHUJ" failures="0" tests="2" name="TestScripts.validateHeaders_Complex" time="4.404" errors="0" timestamp="2022-03-29T15:05:09 IST" skipped="0">
  <testcase classname="TestScripts.validateHeaders_Complex" name="basePagNavigation" time="4.297"/>
  <system-out/>
  <testcase classname="TestScripts.validateHeaders_Complex" name="validateheaders" time="0.107"/>
  <system-out/>
</testsuite> <!-- TestScripts.validateHeaders_Complex -->
