<?xml version="1.0" encoding="UTF-8"?>
<!-- Generated by org.testng.reporters.JUnitReportReporter -->
<testsuite hostname="DESKTOP-8M2AHUJ" failures="0" tests="1" name="Academy.validateNavigationBar" time="0.058" errors="0" timestamp="2022-03-24T23:21:40 IST" skipped="0">
  <testcase classname="Academy.validateNavigationBar" name="validateAppNavBar" time="0.058"/>
  <system-out/>
</testsuite> <!-- Academy.validateNavigationBar -->
