<?xml version="1.0" encoding="UTF-8"?>
<!-- Generated by org.testng.reporters.JUnitReportReporter -->
<testsuite hostname="DESKTOP-8M2AHUJ" failures="0" tests="4" name="Academy.validateComplexpage" time="4.540" errors="0" timestamp="2022-03-29T12:48:17 IST" skipped="0">
  <testcase classname="Academy.validateComplexpage" name="validatecolumns" time="0.101"/>
  <system-out/>
  <testcase classname="Academy.validateComplexpage" name="basePagNavigation" time="4.161"/>
  <system-out/>
  <testcase classname="Academy.validateComplexpage" name="validateFeatures" time="0.117"/>
  <system-out/>
  <testcase classname="Academy.validateComplexpage" name="validatecheckbox" time="0.161"/>
  <system-out/>
</testsuite> <!-- Academy.validateComplexpage -->
