<?xml version="1.0" encoding="UTF-8"?>
<!-- Generated by org.testng.reporters.JUnitReportReporter -->
<testsuite hostname="DESKTOP-8M2AHUJ" failures="0" tests="2" name="TestScripts.validateCheckallcheckbox_Complex" time="4.795" errors="0" timestamp="2022-03-29T15:05:09 IST" skipped="0">
  <testcase classname="TestScripts.validateCheckallcheckbox_Complex" name="validatecheckbox" time="0.162"/>
  <system-out/>
  <testcase classname="TestScripts.validateCheckallcheckbox_Complex" name="basePagNavigation" time="4.633"/>
  <system-out/>
</testsuite> <!-- TestScripts.validateCheckallcheckbox_Complex -->
