<?xml version="1.0" encoding="UTF-8"?>
<!-- Generated by org.testng.reporters.JUnitReportReporter -->
<testsuite hostname="DESKTOP-8M2AHUJ" failures="0" tests="2" name="TestScripts.validateFeatures_Tree" time="4.028" errors="0" timestamp="2022-03-29T15:05:09 IST" skipped="0">
  <testcase classname="TestScripts.validateFeatures_Tree" name="validateFeatures" time="0.050"/>
  <system-out/>
  <testcase classname="TestScripts.validateFeatures_Tree" name="basePagNavigation" time="3.978"/>
  <system-out/>
</testsuite> <!-- TestScripts.validateFeatures_Tree -->
