<?xml version="1.0" encoding="UTF-8"?>
<!-- Generated by org.testng.reporters.JUnitReportReporter -->
<testsuite hostname="DESKTOP-8M2AHUJ" failures="0" tests="2" name="Academy.validateHeaders_Tree" time="3.695" errors="0" timestamp="2022-03-29T14:25:10 IST" skipped="0">
  <testcase classname="Academy.validateHeaders_Tree" name="validateheaders" time="0.053"/>
  <system-out/>
  <testcase classname="Academy.validateHeaders_Tree" name="basePagNavigation" time="3.642"/>
  <system-out/>
</testsuite> <!-- Academy.validateHeaders_Tree -->
