<?xml version="1.0" encoding="UTF-8"?>
<!-- Generated by org.testng.reporters.JUnitReportReporter -->
<testsuite hostname="DESKTOP-8M2AHUJ" failures="0" tests="4" name="Academy.validateTreepage" time="192.386" errors="0" timestamp="2022-03-29T12:48:17 IST" skipped="0">
  <testcase classname="Academy.validateTreepage" name="validateFeatures" time="0.069"/>
  <system-out/>
  <testcase classname="Academy.validateTreepage" name="dragandDrop" time="187.910"/>
  <system-out/>
  <testcase classname="Academy.validateTreepage" name="validatecolumns" time="0.130"/>
  <system-out/>
  <testcase classname="Academy.validateTreepage" name="basePagNavigation" time="4.277"/>
  <system-out/>
</testsuite> <!-- Academy.validateTreepage -->
